[2020-12-11 18:36:48] INFO : Start get [sh600583] stock daily data.
[2020-12-11 18:36:48] ERROR : Can not get the data, error: HTTPSConnectionPool(host='finance.sina.com.cn', port=443): Max retries exceeded with url: /realstock/company/sh600583/hisdata/klc_kl.js (Caused by ProxyError('Cannot connect to proxy.', OSError(0, 'Error')))
[2020-12-11 18:36:48] ERROR : sh600583 Daily data is None, please check your code
[2020-12-11 18:37:41] INFO : Start get [sh600583] stock daily data.
[2020-12-11 18:37:42] INFO : Stock [sh600583] info: {'yestoday_close': 4.45, 'yestoday_income': 0.03, 'hold_income': -0.018, 'lower': 4.005, 'higher': 4.895, 'hold_days': 1, 'sell_signal': False}
[2020-12-11 18:37:44] INFO : Start get [sh600000] stock daily data.
[2020-12-11 18:37:45] INFO : Stock [sh600000] info: {'yestoday_close': 9.7, 'yestoday_income': -0.12, 'hold_income': None, 'lower': 8.73, 'higher': 10.67, 'hold_days': None, 'sell_signal': None}
[2020-12-11 18:37:47] INFO : All hold info: {'hold_all_income_per': -0.004, 'stock': {'sh600583': {'yestoday_close': 4.45, 'yestoday_income': 0.03, 'hold_income': -0.018, 'lower': 4.005, 'higher': 4.895, 'hold_days': 1, 'sell_signal': False}, 'sh600000': {'yestoday_close': 9.7, 'yestoday_income': -0.12, 'hold_income': None, 'lower': 8.73, 'higher': 10.67, 'hold_days': None, 'sell_signal': None}}}
[2020-12-11 18:37:47] ERROR : 没有带Server酱API参数
[2020-12-11 18:39:36] INFO : Start get [sh600583] stock daily data.
[2020-12-11 18:39:36] ERROR : Can not get the data, error: HTTPSConnectionPool(host='finance.sina.com.cn', port=443): Max retries exceeded with url: /realstock/company/sh600583/hisdata/klc_kl.js (Caused by ProxyError('Cannot connect to proxy.', OSError(0, 'Error')))
[2020-12-11 18:39:43] INFO : Start get [sh600583] stock daily data.
[2020-12-11 18:39:44] INFO : Stock [sh600583] info: {'yestoday_close': 4.45, 'yestoday_income': 0.03, 'hold_income': -0.018, 'lower': 4.005, 'higher': 4.895, 'hold_days': 1, 'sell_signal': False}
[2020-12-11 18:39:46] INFO : Start get [sh600000] stock daily data.
[2020-12-11 18:39:46] INFO : Stock [sh600000] info: {'yestoday_close': 9.7, 'yestoday_income': -0.12, 'hold_income': None, 'lower': 8.73, 'higher': 10.67, 'hold_days': None, 'sell_signal': None}
[2020-12-11 18:39:48] INFO : All hold info: {'hold_all_income_per': -0.004, 'stock': {'sh600583': {'yestoday_close': 4.45, 'yestoday_income': 0.03, 'hold_income': -0.018, 'lower': 4.005, 'higher': 4.895, 'hold_days': 1, 'sell_signal': False}, 'sh600000': {'yestoday_close': 9.7, 'yestoday_income': -0.12, 'hold_income': None, 'lower': 8.73, 'higher': 10.67, 'hold_days': None, 'sell_signal': None}}}
[2020-12-11 18:39:48] ERROR : json error - 'buy_price'
[2020-12-11 18:40:41] INFO : Start get [sh600583] stock daily data.
[2020-12-11 18:40:42] INFO : Stock [sh600583] info: {'yestoday_close': 4.45, 'yestoday_income': 0.03, 'hold_income': -0.018, 'lower': 4.005, 'higher': 4.895, 'hold_days': 1, 'sell_signal': False}
[2020-12-11 18:40:44] INFO : Start get [sh600000] stock daily data.
[2020-12-11 18:40:45] INFO : Stock [sh600000] info: {'yestoday_close': 9.7, 'yestoday_income': -0.12, 'hold_income': None, 'lower': 8.73, 'higher': 10.67, 'hold_days': None, 'sell_signal': None}
[2020-12-11 18:40:47] INFO : All hold info: {'hold_all_income_per': -0.004, 'stock': {'sh600583': {'yestoday_close': 4.45, 'yestoday_income': 0.03, 'hold_income': -0.018, 'lower': 4.005, 'higher': 4.895, 'hold_days': 1, 'sell_signal': False}, 'sh600000': {'yestoday_close': 9.7, 'yestoday_income': -0.12, 'hold_income': None, 'lower': 8.73, 'higher': 10.67, 'hold_days': None, 'sell_signal': None}}}
[2020-12-11 18:40:47] INFO : 微信消息推送成功！
[2020-12-11 18:41:36] INFO : Start get [sh600583] stock daily data.
[2020-12-11 18:41:37] INFO : Stock [sh600583] info: {'yestoday_close': 4.45, 'yestoday_income': 0.03, 'hold_income': -0.018, 'lower': 4.005, 'higher': 4.895, 'hold_days': 1, 'sell_signal': False}
[2020-12-11 18:41:39] INFO : Start get [sh600000] stock daily data.
[2020-12-11 18:41:40] INFO : Stock [sh600000] info: {'yestoday_close': 9.7, 'yestoday_income': -0.12, 'hold_income': None, 'lower': 8.73, 'higher': 10.67, 'hold_days': None, 'sell_signal': None}
[2020-12-11 18:41:42] INFO : All hold info: {'hold_all_income_per': -0.004, 'stock': {'sh600583': {'yestoday_close': 4.45, 'yestoday_income': 0.03, 'hold_income': -0.018, 'lower': 4.005, 'higher': 4.895, 'hold_days': 1, 'sell_signal': False}, 'sh600000': {'yestoday_close': 9.7, 'yestoday_income': -0.12, 'hold_income': None, 'lower': 8.73, 'higher': 10.67, 'hold_days': None, 'sell_signal': None}}}
[2020-12-11 18:41:42] INFO : 微信消息推送成功！
[2020-12-11 18:42:25] INFO : Start get [sh600583] stock daily data.
[2020-12-11 18:42:27] INFO : Stock [sh600583] info: {'yestoday_close': 4.45, 'yestoday_income': 0.03, 'hold_income': -0.018, 'lower': 4.005, 'higher': 4.895, 'hold_days': 1, 'sell_signal': False}
[2020-12-11 18:42:29] INFO : Start get [sh600000] stock daily data.
[2020-12-11 18:42:30] INFO : Stock [sh600000] info: {'yestoday_close': 9.7, 'yestoday_income': -0.12, 'hold_income': None, 'lower': 8.73, 'higher': 10.67, 'hold_days': None, 'sell_signal': None}
[2020-12-11 18:42:32] INFO : All hold info: {'hold_all_income_per': -0.004, 'stock': {'sh600583': {'yestoday_close': 4.45, 'yestoday_income': 0.03, 'hold_income': -0.018, 'lower': 4.005, 'higher': 4.895, 'hold_days': 1, 'sell_signal': False}, 'sh600000': {'yestoday_close': 9.7, 'yestoday_income': -0.12, 'hold_income': None, 'lower': 8.73, 'higher': 10.67, 'hold_days': None, 'sell_signal': None}}}
[2020-12-11 18:42:32] INFO : 微信消息推送成功！
[2020-12-11 18:44:03] INFO : Start get [sh600583] stock daily data.
[2020-12-11 18:44:05] INFO : Stock [sh600583] info: {'yestoday_close': 4.45, 'yestoday_income': 0.03, 'hold_income': -0.018, 'lower': 4.005, 'higher': 4.895, 'hold_days': 1, 'sell_signal': False}
[2020-12-11 18:44:07] INFO : Start get [sh600000] stock daily data.
[2020-12-11 18:44:07] INFO : Stock [sh600000] info: {'yestoday_close': 9.7, 'yestoday_income': -0.12, 'hold_income': 2.83, 'lower': 8.73, 'higher': 10.67, 'hold_days': 10, 'sell_signal': False}
[2020-12-11 18:44:09] INFO : All hold info: {'hold_all_income_per': 0.4079, 'stock': {'sh600583': {'yestoday_close': 4.45, 'yestoday_income': 0.03, 'hold_income': -0.018, 'lower': 4.005, 'higher': 4.895, 'hold_days': 1, 'sell_signal': False}, 'sh600000': {'yestoday_close': 9.7, 'yestoday_income': -0.12, 'hold_income': 2.83, 'lower': 8.73, 'higher': 10.67, 'hold_days': 10, 'sell_signal': False}}}
[2020-12-11 18:44:09] INFO : 微信消息推送成功！
[2021-08-02 14:28:14] ERROR : 数据解析错误
[2021-08-02 14:28:15] INFO : 企业微信推送成功: {"errcode":40008,"errmsg":"Warning: wrong json format. invalid message type, hint: [1627885695_193_1376e75ae8ce2b9684ede0110e5d9ff4], from ip: 110.52.27.15, more info at https://open.work.weixin.qq.com/devtool/query?e=40008"}
[2021-08-02 14:29:27] ERROR : 数据解析错误
[2021-08-02 14:29:36] ERROR : 数据解析错误
[2021-08-02 14:29:46] ERROR : 数据解析错误
[2021-08-02 14:29:51] ERROR : 数据解析错误
[2021-08-02 14:29:58] ERROR : 数据解析错误
[2021-08-02 14:30:17] ERROR : 数据解析错误
[2021-08-02 14:30:17] INFO : 企业微信推送成功: {"errcode":40008,"errmsg":"Warning: wrong json format. invalid message type, hint: [1627885818_193_5eb257c5200842906e05d0d2f094a038], from ip: 110.52.27.15, more info at https://open.work.weixin.qq.com/devtool/query?e=40008"}
[2021-08-02 14:31:24] ERROR : 数据解析错误
[2021-08-02 14:31:34] ERROR : 数据解析错误
[2021-08-02 14:31:34] INFO : 企业微信推送成功: {"errcode":0,"errmsg":"ok"}
[2021-08-02 14:33:24] ERROR : 数据解析错误
[2021-08-02 14:33:24] INFO : 企业微信推送成功: {"errcode":0,"errmsg":"ok"}
[2021-08-02 14:34:07] ERROR : 数据解析错误
[2021-08-02 14:34:07] INFO : 企业微信推送成功: {"errcode":0,"errmsg":"ok"}
[2021-08-02 14:35:02] INFO : 企业微信推送成功: {"errcode":40058,"errmsg":"markdown.content exceed max length 4096. Invalid input invalid Request Parameter, hint: [1627886102_193_aed08553a0eba170bcf3947bca6ef02c], from ip: 110.52.27.15, more info at https://open.work.weixin.qq.com/devtool/query?e=40058"}
[2021-08-02 14:35:42] INFO : 企业微信推送成功: {"errcode":40058,"errmsg":"markdown.content exceed max length 4096. Invalid input invalid Request Parameter, hint: [1627886143_193_886aa596b320729e8728cb525dea1c58], from ip: 110.52.27.15, more info at https://open.work.weixin.qq.com/devtool/query?e=40058"}
[2021-08-02 14:36:00] ERROR : 数据解析错误
[2021-08-02 14:36:27] ERROR : 数据解析错误
[2021-08-02 14:36:27] INFO : 企业微信推送成功: {"errcode":0,"errmsg":"ok"}
[2021-08-02 14:36:47] INFO : 企业微信推送成功: {"errcode":40058,"errmsg":"markdown.content exceed max length 4096. Invalid input invalid Request Parameter, hint: [1627886208_193_b62d44db5529e914adad239d2e91a39a], from ip: 110.52.27.15, more info at https://open.work.weixin.qq.com/devtool/query?e=40058"}
[2021-08-02 14:37:10] ERROR : 数据解析错误
[2021-08-02 14:37:11] INFO : 企业微信推送成功: {"errcode":0,"errmsg":"ok"}
[2021-08-02 14:38:21] INFO : 企业微信推送成功: {"errcode":40058,"errmsg":"markdown.content exceed max length 4096. Invalid input invalid Request Parameter, hint: [1627886301_193_a66cca30ba83a99a9fbb2c5801b2e189], from ip: 110.52.27.15, more info at https://open.work.weixin.qq.com/devtool/query?e=40058"}
[2021-08-02 14:38:36] ERROR : 数据解析错误
[2021-08-02 14:38:36] INFO : 企业微信推送成功: {"errcode":0,"errmsg":"ok"}
[2021-08-02 14:39:14] INFO : 企业微信推送成功: {"errcode":40058,"errmsg":"markdown.content exceed max length 4096. Invalid input invalid Request Parameter, hint: [1627886354_193_e8578c6ed884b28e6a53f18c6984e27c], from ip: 110.52.27.15, more info at https://open.work.weixin.qq.com/devtool/query?e=40058"}
[2021-08-02 14:39:25] INFO : 企业微信推送成功: {"errcode":40058,"errmsg":"markdown.content exceed max length 4096. Invalid input invalid Request Parameter, hint: [1627886365_193_dd9626599564e0e096084134af477adc], from ip: 110.52.27.15, more info at https://open.work.weixin.qq.com/devtool/query?e=40058"}
[2021-08-02 14:40:13] INFO : 企业微信推送成功: {"errcode":0,"errmsg":"ok"}
[2021-08-02 14:42:44] INFO : 企业微信推送成功: {"errcode":0,"errmsg":"ok"}
[2021-08-02 14:43:12] INFO : 企业微信推送成功: {"errcode":0,"errmsg":"ok"}
[2021-08-02 14:43:19] ERROR : 数据解析错误
[2021-08-02 14:43:19] INFO : 企业微信推送成功: {"errcode":0,"errmsg":"ok"}
[2021-08-02 14:43:27] ERROR : 数据解析错误
[2021-08-02 14:43:27] INFO : 企业微信推送成功: {"errcode":0,"errmsg":"ok"}
[2021-08-02 14:43:35] INFO : 企业微信推送成功: {"errcode":0,"errmsg":"ok"}
[2021-08-02 14:43:55] ERROR : 数据解析错误
[2021-08-02 14:43:55] INFO : 企业微信推送成功: {"errcode":0,"errmsg":"ok"}
[2021-08-02 14:44:04] ERROR : 数据解析错误
[2021-08-02 14:44:05] INFO : 企业微信推送成功: {"errcode":0,"errmsg":"ok"}
[2021-08-02 14:44:18] INFO : 企业微信推送成功: {"errcode":0,"errmsg":"ok"}
